Command line:
   Top_isim_beh.exe
     -simmode  gui
     -simrunnum  0
     -socket  61952

Wed Jul 13 04:33:18 2022


 Elaboration Time: 0.046875 sec

 Current Memory Usage: 5150.14 Meg

 Total Signals          : 13
 Total Nets             : 1051
 Total Signal Drivers   : 3
 Total Blocks           : 4
 Total Primitive Blocks : 3
 Total Processes        : 3
 Total Traceable Variables  : 13
 Total Scalar Nets and Variables : 1534
Total Line Count : 6

 Total Simulation Time: 0.25 sec

 Current Memory Usage: 5464.72 Meg

Wed Jul 13 04:34:01 2022

